<?xml version="1.0" encoding="UTF-8"?>
<!-- Generated by org.testng.reporters.JUnitXMLReporter -->
<testsuite hostname="Amits-MacBook-Pro.local" ignored="0" name="Test" tests="3" failures="0" timestamp="20 Dec 2018 17:03:50 GMT" time="53.513" errors="0">
  <testcase name="EnterDataInTextBox" time="9.112" classname="com.selenium2019.Example1"/>
  <testcase name="mulwin" time="27.062" classname="com.selenium2019.HandleMultipleWindow"/>
  <testcase name="UseMouseHover" time="17.291" classname="com.selenium2019.MouseHover"/>
</testsuite> <!-- Test -->
