<?xml version="1.0" encoding="UTF-8"?>
<!-- Generated by org.testng.reporters.JUnitXMLReporter -->
<testsuite hostname="Amits-MacBook-Pro.local" ignored="0" name="Test" tests="3" failures="0" timestamp="24 Dec 2018 06:17:35 GMT" time="38.022" errors="0">
  <testcase name="EnterDataInTextBox" time="5.571" classname="com.selenium2019.Example1"/>
  <testcase name="mulwin" time="20.289" classname="com.selenium2019.HandleMultipleWindow"/>
  <testcase name="UseMouseHover" time="12.122" classname="com.selenium2019.MouseHover"/>
</testsuite> <!-- Test -->
