<?xml version="1.0" encoding="UTF-8"?>
<!-- Generated by org.testng.reporters.JUnitXMLReporter -->
<testsuite hostname="Amits-MacBook-Pro.local" ignored="0" name="Test" tests="3" failures="0" timestamp="23 Dec 2018 13:20:15 GMT" time="124.781" errors="0">
  <testcase name="EnterDataInTextBox" time="6.485" classname="com.selenium2019.Example1"/>
  <testcase name="mulwin" time="20.024" classname="com.selenium2019.HandleMultipleWindow"/>
  <testcase name="UseMouseHover" time="98.242" classname="com.selenium2019.MouseHover"/>
</testsuite> <!-- Test -->
