<?xml version="1.0" encoding="UTF-8"?>
<testng-results skipped="0" failed="0" ignored="0" total="3" passed="3">
  <reporter-output>
  </reporter-output>
  <suite name="Suite" duration-ms="53513" started-at="2018-12-20T17:02:56Z" finished-at="2018-12-20T17:03:50Z">
    <groups>
    </groups>
    <test name="Test" duration-ms="53513" started-at="2018-12-20T17:02:56Z" finished-at="2018-12-20T17:03:50Z">
      <class name="com.selenium2019.Example1">
        <test-method status="PASS" signature="EnterDataInTextBox()[pri:0, instance:com.selenium2019.Example1@42e26948]" name="EnterDataInTextBox" duration-ms="9112" started-at="2018-12-20T22:32:56Z" finished-at="2018-12-20T22:33:05Z">
          <reporter-output>
          </reporter-output>
        </test-method> <!-- EnterDataInTextBox -->
      </class> <!-- com.selenium2019.Example1 -->
      <class name="com.selenium2019.HandleMultipleWindow">
        <test-method status="PASS" signature="mulwin()[pri:0, instance:com.selenium2019.HandleMultipleWindow@53b32d7]" name="mulwin" duration-ms="27062" started-at="2018-12-20T22:33:05Z" finished-at="2018-12-20T22:33:33Z">
          <reporter-output>
          </reporter-output>
        </test-method> <!-- mulwin -->
      </class> <!-- com.selenium2019.HandleMultipleWindow -->
      <class name="com.selenium2019.MouseHover">
        <test-method status="PASS" signature="UseMouseHover()[pri:0, instance:com.selenium2019.MouseHover@5442a311]" name="UseMouseHover" duration-ms="17291" started-at="2018-12-20T22:33:33Z" finished-at="2018-12-20T22:33:50Z">
          <reporter-output>
          </reporter-output>
        </test-method> <!-- UseMouseHover -->
      </class> <!-- com.selenium2019.MouseHover -->
    </test> <!-- Test -->
  </suite> <!-- Suite -->
</testng-results>
